<?xml version="1.0" encoding="UTF-8"?>
<!-- Generated by org.testng.reporters.JUnitXMLReporter -->
<testsuite hostname="WKSP000A756E" ignored="0" name="PMCS Login test" tests="1" failures="1" timestamp="28 Jan 2020 01:52:35 GMT" time="0.318" errors="0">
  <testcase name="feature" time="0.014" classname="cucumber.api.testng.AbstractTestNGCucumberTests">
    <failure type="cucumber.runtime.CucumberException" message="java.lang.NoClassDefFoundError: com/aventstack/extentreports/reporter/ExtentHtmlReporter">
      <![CDATA[cucumber.runtime.CucumberException: java.lang.NoClassDefFoundError: com/aventstack/extentreports/reporter/ExtentHtmlReporter
at cucumber.runtime.formatter.PluginFactory.instantiate(PluginFactory.java:114)
at cucumber.runtime.formatter.PluginFactory.create(PluginFactory.java:87)
at cucumber.runtime.RuntimeOptions.getPlugins(RuntimeOptions.java:245)
at cucumber.runtime.RuntimeOptions$1.invoke(RuntimeOptions.java:291)
at com.sun.proxy.$Proxy10.uri(Unknown Source)
at cucumber.runtime.model.CucumberFeature.run(CucumberFeature.java:160)
at cucumber.api.testng.TestNGCucumberRunner.runCucumber(TestNGCucumberRunner.java:63)
at cucumber.api.testng.AbstractTestNGCucumberTests.feature(AbstractTestNGCucumberTests.java:21)
Caused by: java.lang.NoClassDefFoundError: com/aventstack/extentreports/reporter/ExtentHtmlReporter
at com.cucumber.listener.ExtentCucumberFormatter.<init>(ExtentCucumberFormatter.java:44)
at cucumber.runtime.formatter.PluginFactory.instantiate(PluginFactory.java:107)
... 32 more
Caused by: java.lang.ClassNotFoundException: com.aventstack.extentreports.reporter.ExtentHtmlReporter
at java.net.URLClassLoader.findClass(URLClassLoader.java:382)
at java.lang.ClassLoader.loadClass(ClassLoader.java:424)
at sun.misc.Launcher$AppClassLoader.loadClass(Launcher.java:349)
at java.lang.ClassLoader.loadClass(ClassLoader.java:357)
... 38 more
... Removed 29 stack frames]]>
    </failure>
  </testcase> <!-- feature -->
</testsuite> <!-- PMCS Login test -->
