<?xml version="1.0" encoding="UTF-8"?>
<!-- Generated by org.testng.reporters.JUnitXMLReporter -->
<testsuite hostname="WKSP000A756E" ignored="0" name="PMCS Automation Test" tests="1" failures="1" timestamp="28 Jan 2020 01:49:14 GMT" time="0.314" errors="0">
  <testcase name="feature" time="0.078" classname="cucumber.api.testng.AbstractTestNGCucumberTests">
    <failure type="java.lang.ClassCastException" message="com.usa.runner.MyRunner cannot be cast to com.usa.basepage.SupperClass">
      <![CDATA[java.lang.ClassCastException: com.usa.runner.MyRunner cannot be cast to com.usa.basepage.SupperClass
at com.usa.util.Listeners.Retry.extendReportsFailOperations(Retry.java:35)
at com.usa.util.Listeners.Retry.retry(Retry.java:24)
at org.testng.internal.Invoker.handleInvocationResults(Invoker.java:1164)
at org.testng.internal.Invoker.invokeMethod(Invoker.java:619)
at org.testng.internal.Invoker.invokeTestMethod(Invoker.java:719)
at org.testng.internal.Invoker.invokeTestMethods(Invoker.java:989)
at org.testng.internal.TestMethodWorker.invokeTestMethods(TestMethodWorker.java:125)
at org.testng.internal.TestMethodWorker.run(TestMethodWorker.java:109)
at java.util.concurrent.ThreadPoolExecutor.runWorker(ThreadPoolExecutor.java:1149)
at java.util.concurrent.ThreadPoolExecutor$Worker.run(ThreadPoolExecutor.java:624)
at java.lang.Thread.run(Thread.java:748)
]]>
    </failure>
  </testcase> <!-- feature -->
</testsuite> <!-- PMCS Automation Test -->
